

Version:	3.14
CmdLine:	C:\Users\Admin\Documents\NetBeansProjects\DoAnQuanLyGYM\GymMaster.exe --l4j-debug
WOW64:		yes
Working dir:	C:\Users\Admin\Documents\NetBeansProjects\DoAnQuanLyGYM\.
Java min ver:	1.001.000
Java max ver:	
64-bit search:	SOFTWARE\JavaSoft\Java Runtime Environment...
Check:		SOFTWARE\JavaSoft\Java Runtime Environment\1.8
Check launcher:	C:\Program Files\Java\jre1.8.0_171\bin\javaw.exe (OK)
Match:		1.008.000
Check:		SOFTWARE\JavaSoft\Java Runtime Environment\1.8.0_171
Check launcher:	C:\Program Files\Java\jre1.8.0_171\bin\javaw.exe (OK)
Match:		1.008.000_171
64-bit search:	SOFTWARE\JavaSoft\Java Development Kit...
64-bit search:	SOFTWARE\JavaSoft\JRE...
64-bit search:	SOFTWARE\JavaSoft\JDK...
Check:		SOFTWARE\JavaSoft\JDK\15.0.1
Check launcher:	C:\Program Files\Java\jdk-15.0.1\bin\javaw.exe (OK)
Match:		1.015.000_001
Runtime used:	1.015.000_001 (64-bit)
Launcher:	C:\Program Files\Java\jdk-15.0.1\bin\javaw.exe
Launcher args:	-jar "C:\Users\Admin\Documents\NetBeansProjects\DoAnQuanLyGYM\GymMaster.exe"
Args length:	76/32768 chars
Exit code:	0


Version:	3.14
CmdLine:	C:\Users\Admin\Documents\NetBeansProjects\DoAnQuanLyGYM\GymMaster.exe --l4j-debug
WOW64:		yes
Working dir:	C:\Users\Admin\Documents\NetBeansProjects\DoAnQuanLyGYM\.
Java min ver:	1.001.000
Java max ver:	
64-bit search:	SOFTWARE\JavaSoft\Java Runtime Environment...
Check:		SOFTWARE\JavaSoft\Java Runtime Environment\1.8
Check launcher:	C:\Program Files\Java\jre1.8.0_171\bin\javaw.exe (OK)
Match:		1.008.000
Check:		SOFTWARE\JavaSoft\Java Runtime Environment\1.8.0_171
Check launcher:	C:\Program Files\Java\jre1.8.0_171\bin\javaw.exe (OK)
Match:		1.008.000_171
64-bit search:	SOFTWARE\JavaSoft\Java Development Kit...
64-bit search:	SOFTWARE\JavaSoft\JRE...
64-bit search:	SOFTWARE\JavaSoft\JDK...
Check:		SOFTWARE\JavaSoft\JDK\15.0.1
Check launcher:	C:\Program Files\Java\jdk-15.0.1\bin\javaw.exe (OK)
Match:		1.015.000_001
Runtime used:	1.015.000_001 (64-bit)
Launcher:	C:\Program Files\Java\jdk-15.0.1\bin\javaw.exe
Launcher args:	-jar "C:\Users\Admin\Documents\NetBeansProjects\DoAnQuanLyGYM\GymMaster.exe"
Args length:	76/32768 chars
Exit code:	0


Version:	3.14
CmdLine:	C:\Users\Admin\Documents\NetBeansProjects\DoAnQuanLyGYM\GymMaster.exe --l4j-debug
WOW64:		yes
Working dir:	C:\Users\Admin\Documents\NetBeansProjects\DoAnQuanLyGYM\.
Java min ver:	1.001.000
Java max ver:	
64-bit search:	SOFTWARE\JavaSoft\Java Runtime Environment...
Check:		SOFTWARE\JavaSoft\Java Runtime Environment\1.8
Check launcher:	C:\Program Files\Java\jre1.8.0_171\bin\javaw.exe (OK)
Match:		1.008.000
Check:		SOFTWARE\JavaSoft\Java Runtime Environment\1.8.0_171
Check launcher:	C:\Program Files\Java\jre1.8.0_171\bin\javaw.exe (OK)
Match:		1.008.000_171
64-bit search:	SOFTWARE\JavaSoft\Java Development Kit...
64-bit search:	SOFTWARE\JavaSoft\JRE...
64-bit search:	SOFTWARE\JavaSoft\JDK...
Check:		SOFTWARE\JavaSoft\JDK\15.0.1
Check launcher:	C:\Program Files\Java\jdk-15.0.1\bin\javaw.exe (OK)
Match:		1.015.000_001
Runtime used:	1.015.000_001 (64-bit)
Launcher:	C:\Program Files\Java\jdk-15.0.1\bin\javaw.exe
Launcher args:	-jar "C:\Users\Admin\Documents\NetBeansProjects\DoAnQuanLyGYM\GymMaster.exe"
Args length:	76/32768 chars
Exit code:	0


Version:	3.14
CmdLine:	C:\Users\Admin\Documents\NetBeansProjects\DoAnQuanLyGYM\GymMaster.exe --l4j-debug
WOW64:		yes
Working dir:	C:\Users\Admin\Documents\NetBeansProjects\DoAnQuanLyGYM\.
Java min ver:	1.001.000
Java max ver:	
64-bit search:	SOFTWARE\JavaSoft\Java Runtime Environment...
Check:		SOFTWARE\JavaSoft\Java Runtime Environment\1.8
Check launcher:	C:\Program Files\Java\jre1.8.0_171\bin\javaw.exe (OK)
Match:		1.008.000
Check:		SOFTWARE\JavaSoft\Java Runtime Environment\1.8.0_171
Check launcher:	C:\Program Files\Java\jre1.8.0_171\bin\javaw.exe (OK)
Match:		1.008.000_171
64-bit search:	SOFTWARE\JavaSoft\Java Development Kit...
64-bit search:	SOFTWARE\JavaSoft\JRE...
64-bit search:	SOFTWARE\JavaSoft\JDK...
Check:		SOFTWARE\JavaSoft\JDK\15.0.1
Check launcher:	C:\Program Files\Java\jdk-15.0.1\bin\javaw.exe (OK)
Match:		1.015.000_001
Runtime used:	1.015.000_001 (64-bit)
Launcher:	C:\Program Files\Java\jdk-15.0.1\bin\javaw.exe
Launcher args:	-jar "C:\Users\Admin\Documents\NetBeansProjects\DoAnQuanLyGYM\GymMaster.exe"
Args length:	76/32768 chars
Exit code:	0


Version:	3.14
CmdLine:	C:\Users\Admin\Documents\NetBeansProjects\DoAnQuanLyGYM\GymMaster.exe --l4j-debug
WOW64:		yes
Working dir:	C:\Users\Admin\Documents\NetBeansProjects\DoAnQuanLyGYM\.
Java min ver:	1.001.000
Java max ver:	
64-bit search:	SOFTWARE\JavaSoft\Java Runtime Environment...
Check:		SOFTWARE\JavaSoft\Java Runtime Environment\1.8
Check launcher:	C:\Program Files\Java\jre1.8.0_171\bin\javaw.exe (OK)
Match:		1.008.000
Check:		SOFTWARE\JavaSoft\Java Runtime Environment\1.8.0_171
Check launcher:	C:\Program Files\Java\jre1.8.0_171\bin\javaw.exe (OK)
Match:		1.008.000_171
64-bit search:	SOFTWARE\JavaSoft\Java Development Kit...
64-bit search:	SOFTWARE\JavaSoft\JRE...
64-bit search:	SOFTWARE\JavaSoft\JDK...
Check:		SOFTWARE\JavaSoft\JDK\15.0.1
Check launcher:	C:\Program Files\Java\jdk-15.0.1\bin\javaw.exe (OK)
Match:		1.015.000_001
Runtime used:	1.015.000_001 (64-bit)
Launcher:	C:\Program Files\Java\jdk-15.0.1\bin\javaw.exe
Launcher args:	-jar "C:\Users\Admin\Documents\NetBeansProjects\DoAnQuanLyGYM\GymMaster.exe"
Args length:	76/32768 chars
Exit code:	0


Version:	3.14
CmdLine:	C:\Users\Admin\Documents\NetBeansProjects\DoAnQuanLyGYM\GymMaster.exe --l4j-debug
WOW64:		yes
Working dir:	C:\Users\Admin\Documents\NetBeansProjects\DoAnQuanLyGYM\.
Java min ver:	1.001.000
Java max ver:	
64-bit search:	SOFTWARE\JavaSoft\Java Runtime Environment...
Check:		SOFTWARE\JavaSoft\Java Runtime Environment\1.8
Check launcher:	C:\Program Files\Java\jre1.8.0_171\bin\javaw.exe (OK)
Match:		1.008.000
Check:		SOFTWARE\JavaSoft\Java Runtime Environment\1.8.0_171
Check launcher:	C:\Program Files\Java\jre1.8.0_171\bin\javaw.exe (OK)
Match:		1.008.000_171
64-bit search:	SOFTWARE\JavaSoft\Java Development Kit...
64-bit search:	SOFTWARE\JavaSoft\JRE...
64-bit search:	SOFTWARE\JavaSoft\JDK...
Check:		SOFTWARE\JavaSoft\JDK\15.0.1
Check launcher:	C:\Program Files\Java\jdk-15.0.1\bin\javaw.exe (OK)
Match:		1.015.000_001
Runtime used:	1.015.000_001 (64-bit)
Launcher:	C:\Program Files\Java\jdk-15.0.1\bin\javaw.exe
Launcher args:	-jar "C:\Users\Admin\Documents\NetBeansProjects\DoAnQuanLyGYM\GymMaster.exe"
Args length:	76/32768 chars
Exit code:	0


Version:	3.14
CmdLine:	C:\Users\Admin\Documents\NetBeansProjects\DoAnQuanLyGYM\GymMaster.exe --l4j-debug
WOW64:		yes
Working dir:	C:\Users\Admin\Documents\NetBeansProjects\DoAnQuanLyGYM\.
Java min ver:	1.000.000
Java max ver:	
64-bit search:	SOFTWARE\JavaSoft\Java Runtime Environment...
Check:		SOFTWARE\JavaSoft\Java Runtime Environment\1.8
Check launcher:	C:\Program Files\Java\jre1.8.0_171\bin\javaw.exe (OK)
Match:		1.008.000
Check:		SOFTWARE\JavaSoft\Java Runtime Environment\1.8.0_171
Check launcher:	C:\Program Files\Java\jre1.8.0_171\bin\javaw.exe (OK)
Match:		1.008.000_171
64-bit search:	SOFTWARE\JavaSoft\Java Development Kit...
64-bit search:	SOFTWARE\JavaSoft\JRE...
64-bit search:	SOFTWARE\JavaSoft\JDK...
Check:		SOFTWARE\JavaSoft\JDK\15.0.1
Check launcher:	C:\Program Files\Java\jdk-15.0.1\bin\javaw.exe (OK)
Match:		1.015.000_001
Runtime used:	1.015.000_001 (64-bit)
Launcher:	C:\Program Files\Java\jdk-15.0.1\bin\javaw.exe
Launcher args:	-jar "C:\Users\Admin\Documents\NetBeansProjects\DoAnQuanLyGYM\GymMaster.exe"
Args length:	76/32768 chars
Exit code:	0


Version:	3.14
CmdLine:	C:\Users\Admin\Documents\NetBeansProjects\DoAnQuanLyGYM\Gymaster.exe --l4j-debug
WOW64:		yes
Working dir:	C:\Users\Admin\Documents\NetBeansProjects\DoAnQuanLyGYM\.
Java min ver:	1.001.000
Java max ver:	
64-bit search:	SOFTWARE\JavaSoft\Java Runtime Environment...
32-bit search:	SOFTWARE\JavaSoft\Java Runtime Environment...
64-bit search:	SOFTWARE\JavaSoft\Java Development Kit...
32-bit search:	SOFTWARE\JavaSoft\Java Development Kit...
64-bit search:	SOFTWARE\JavaSoft\JRE...
32-bit search:	SOFTWARE\JavaSoft\JRE...
64-bit search:	SOFTWARE\JavaSoft\JDK...
Check:		SOFTWARE\JavaSoft\JDK\15.0.1
Check launcher:	C:\Program Files\Java\jdk-15.0.1\bin\javaw.exe (OK)
Match:		1.015.000_001
Runtime used:	1.015.000_001 (64-bit)
Launcher:	C:\Program Files\Java\jdk-15.0.1\bin\javaw.exe
Launcher args:	-jar "C:\Users\Admin\Documents\NetBeansProjects\DoAnQuanLyGYM\Gymaster.exe"
Args length:	75/32768 chars
Exit code:	0


Version:	3.14
CmdLine:	C:\Users\Admin\Documents\NetBeansProjects\DoAnQuanLyGYM\GymMaster.exe --l4j-debug
WOW64:		yes
Working dir:	C:\Users\Admin\Documents\NetBeansProjects\DoAnQuanLyGYM\.
Java min ver:	1.001.000
Java max ver:	
64-bit search:	SOFTWARE\JavaSoft\Java Runtime Environment...
32-bit search:	SOFTWARE\JavaSoft\Java Runtime Environment...
64-bit search:	SOFTWARE\JavaSoft\Java Development Kit...
32-bit search:	SOFTWARE\JavaSoft\Java Development Kit...
64-bit search:	SOFTWARE\JavaSoft\JRE...
32-bit search:	SOFTWARE\JavaSoft\JRE...
64-bit search:	SOFTWARE\JavaSoft\JDK...
Check:		SOFTWARE\JavaSoft\JDK\15.0.1
Check launcher:	C:\Program Files\Java\jdk-15.0.1\bin\javaw.exe (OK)
Match:		1.015.000_001
Runtime used:	1.015.000_001 (64-bit)
Launcher:	C:\Program Files\Java\jdk-15.0.1\bin\javaw.exe
Launcher args:	-jar "C:\Users\Admin\Documents\NetBeansProjects\DoAnQuanLyGYM\GymMaster.exe"
Args length:	76/32768 chars
Exit code:	0


Version:	3.14
CmdLine:	C:\Users\Admin\Documents\NetBeansProjects\DoAnQuanLyGYM\GymMaster.exe --l4j-debug
WOW64:		yes
Working dir:	C:\Users\Admin\Documents\NetBeansProjects\DoAnQuanLyGYM\.
Java min ver:	1.001.000
Java max ver:	
64-bit search:	SOFTWARE\JavaSoft\Java Runtime Environment...
32-bit search:	SOFTWARE\JavaSoft\Java Runtime Environment...
64-bit search:	SOFTWARE\JavaSoft\Java Development Kit...
32-bit search:	SOFTWARE\JavaSoft\Java Development Kit...
64-bit search:	SOFTWARE\JavaSoft\JRE...
32-bit search:	SOFTWARE\JavaSoft\JRE...
64-bit search:	SOFTWARE\JavaSoft\JDK...
Check:		SOFTWARE\JavaSoft\JDK\15.0.1
Check launcher:	C:\Program Files\Java\jdk-15.0.1\bin\javaw.exe (OK)
Match:		1.015.000_001
Runtime used:	1.015.000_001 (64-bit)
Launcher:	C:\Program Files\Java\jdk-15.0.1\bin\javaw.exe
Launcher args:	-jar "C:\Users\Admin\Documents\NetBeansProjects\DoAnQuanLyGYM\GymMaster.exe"
Args length:	76/32768 chars
Exit code:	0


Version:	3.14
CmdLine:	C:\Users\Admin\Documents\NetBeansProjects\DoAnQuanLyGYM\GymMaster.exe --l4j-debug
WOW64:		yes
Working dir:	C:\Users\Admin\Documents\NetBeansProjects\DoAnQuanLyGYM\.
Java min ver:	1.001.001
Java max ver:	
64-bit search:	SOFTWARE\JavaSoft\Java Runtime Environment...
32-bit search:	SOFTWARE\JavaSoft\Java Runtime Environment...
64-bit search:	SOFTWARE\JavaSoft\Java Development Kit...
32-bit search:	SOFTWARE\JavaSoft\Java Development Kit...
64-bit search:	SOFTWARE\JavaSoft\JRE...
32-bit search:	SOFTWARE\JavaSoft\JRE...
64-bit search:	SOFTWARE\JavaSoft\JDK...
Check:		SOFTWARE\JavaSoft\JDK\15.0.1
Check launcher:	C:\Program Files\Java\jdk-15.0.1\bin\javaw.exe (OK)
Match:		1.015.000_001
Runtime used:	1.015.000_001 (64-bit)
Launcher:	C:\Program Files\Java\jdk-15.0.1\bin\javaw.exe
Launcher args:	-jar "C:\Users\Admin\Documents\NetBeansProjects\DoAnQuanLyGYM\GymMaster.exe"
Args length:	76/32768 chars
Exit code:	0


Version:	3.14
CmdLine:	C:\Users\Admin\Documents\NetBeansProjects\DoAnQuanLyGYM\GymMaster.exe --l4j-debug
WOW64:		yes
Working dir:	C:\Users\Admin\Documents\NetBeansProjects\DoAnQuanLyGYM\.
Java min ver:	1.001.001
Java max ver:	
64-bit search:	SOFTWARE\JavaSoft\Java Runtime Environment...
32-bit search:	SOFTWARE\JavaSoft\Java Runtime Environment...
64-bit search:	SOFTWARE\JavaSoft\Java Development Kit...
32-bit search:	SOFTWARE\JavaSoft\Java Development Kit...
64-bit search:	SOFTWARE\JavaSoft\JRE...
32-bit search:	SOFTWARE\JavaSoft\JRE...
64-bit search:	SOFTWARE\JavaSoft\JDK...
Check:		SOFTWARE\JavaSoft\JDK\15.0.1
Check launcher:	C:\Program Files\Java\jdk-15.0.1\bin\javaw.exe (OK)
Match:		1.015.000_001
Runtime used:	1.015.000_001 (64-bit)
Launcher:	C:\Program Files\Java\jdk-15.0.1\bin\javaw.exe
Launcher args:	-jar "C:\Users\Admin\Documents\NetBeansProjects\DoAnQuanLyGYM\GymMaster.exe"
Args length:	76/32768 chars
Exit code:	0
